<?xml version="1.0" encoding="UTF-8"?>
<!-- Generated by org.testng.reporters.JUnitReportReporter -->
<testsuite hostname="DESKTOP-U3NOTER" failures="0" tests="14" name="api.test.DDTtest" time="24.485" errors="0" timestamp="2024-11-01T18:56:28 IST" skipped="0">
  <testcase classname="api.test.DDTtest" name="test_PostUser" time="1.240"/>
  <testcase classname="api.test.DDTtest" name="test_PostUser" time="1.152"/>
  <testcase classname="api.test.DDTtest" name="test_PostUser" time="8.807"/>
  <testcase classname="api.test.DDTtest" name="test_PostUser" time="1.248"/>
  <testcase classname="api.test.DDTtest" name="test_PostUser" time="1.157"/>
  <testcase classname="api.test.DDTtest" name="test_PostUser" time="1.242"/>
  <testcase classname="api.test.DDTtest" name="test_PostUser" time="1.240"/>
  <testcase classname="api.test.DDTtest" name="test_DeleteUserByName" time="1.208"/>
  <testcase classname="api.test.DDTtest" name="test_DeleteUserByName" time="1.210"/>
  <testcase classname="api.test.DDTtest" name="test_DeleteUserByName" time="1.147"/>
  <testcase classname="api.test.DDTtest" name="test_DeleteUserByName" time="1.202"/>
  <testcase classname="api.test.DDTtest" name="test_DeleteUserByName" time="1.262"/>
  <testcase classname="api.test.DDTtest" name="test_DeleteUserByName" time="1.193"/>
  <testcase classname="api.test.DDTtest" name="test_DeleteUserByName" time="1.177"/>
</testsuite> <!-- api.test.DDTtest -->
