<?xml version="1.0" encoding="UTF-8"?>
<!-- Generated by org.testng.reporters.JUnitReportReporter -->
<testsuite hostname="DESKTOP-U3NOTER" failures="0" tests="4" name="api.test.UserTests2forPropertiesFile" time="11.759" errors="0" timestamp="2024-11-01T22:39:08 IST" skipped="0">
  <testcase classname="api.test.UserTests2forPropertiesFile" name="testPOSTUser" time="6.791"/>
  <testcase classname="api.test.UserTests2forPropertiesFile" name="testGetUserByName" time="1.299"/>
  <testcase classname="api.test.UserTests2forPropertiesFile" name="testUpdateUserByName" time="2.470"/>
  <testcase classname="api.test.UserTests2forPropertiesFile" name="testDeleteUserByName" time="1.199"/>
</testsuite> <!-- api.test.UserTests2forPropertiesFile -->
