<?xml version="1.0" encoding="UTF-8"?>
<!-- Generated by org.testng.reporters.JUnitReportReporter -->
<testsuite hostname="DESKTOP-U3NOTER" failures="0" tests="4" name="api.test.UserTests" time="14.448" errors="0" timestamp="2024-11-01T19:46:02 IST" skipped="0">
  <testcase classname="api.test.UserTests" name="testPOSTUser" time="9.445"/>
  <testcase classname="api.test.UserTests" name="testGetUserByName" time="1.292"/>
  <testcase classname="api.test.UserTests" name="testUpdateUserByName" time="2.531"/>
  <testcase classname="api.test.UserTests" name="testDeleteUserByName" time="1.180"/>
</testsuite> <!-- api.test.UserTests -->
