<?xml version="1.0" encoding="UTF-8"?>
<!-- Generated by org.testng.reporters.JUnitReportReporter -->
<testsuite hostname="DESKTOP-U3NOTER" failures="0" tests="4" name="api.test.UserTests" time="12.543" errors="0" timestamp="2024-11-01T23:11:45 IST" skipped="0">
  <testcase classname="api.test.UserTests" name="testPOSTUser" time="7.636"/>
  <testcase classname="api.test.UserTests" name="testGetUserByName" time="1.279"/>
  <testcase classname="api.test.UserTests" name="testUpdateUserByName" time="2.415"/>
  <testcase classname="api.test.UserTests" name="testDeleteUserByName" time="1.213"/>
</testsuite> <!-- api.test.UserTests -->
