<?xml version="1.0" encoding="UTF-8"?>
<!-- Generated by org.testng.reporters.JUnitReportReporter -->
<testsuite hostname="DESKTOP-U3NOTER" failures="0" tests="14" name="api.test.DDTtest" time="16.652" errors="0" timestamp="2024-11-02T20:23:02 IST" skipped="0">
  <testcase classname="api.test.DDTtest" name="test_PostUser" time="1.169"/>
  <testcase classname="api.test.DDTtest" name="test_PostUser" time="1.216"/>
  <testcase classname="api.test.DDTtest" name="test_PostUser" time="1.187"/>
  <testcase classname="api.test.DDTtest" name="test_PostUser" time="1.250"/>
  <testcase classname="api.test.DDTtest" name="test_PostUser" time="1.136"/>
  <testcase classname="api.test.DDTtest" name="test_PostUser" time="1.302"/>
  <testcase classname="api.test.DDTtest" name="test_PostUser" time="1.186"/>
  <testcase classname="api.test.DDTtest" name="test_DeleteUserByName" time="1.198"/>
  <testcase classname="api.test.DDTtest" name="test_DeleteUserByName" time="1.178"/>
  <testcase classname="api.test.DDTtest" name="test_DeleteUserByName" time="1.150"/>
  <testcase classname="api.test.DDTtest" name="test_DeleteUserByName" time="1.178"/>
  <testcase classname="api.test.DDTtest" name="test_DeleteUserByName" time="1.203"/>
  <testcase classname="api.test.DDTtest" name="test_DeleteUserByName" time="1.164"/>
  <testcase classname="api.test.DDTtest" name="test_DeleteUserByName" time="1.135"/>
</testsuite> <!-- api.test.DDTtest -->
