<?xml version="1.0" encoding="UTF-8"?>
<!-- Generated by org.testng.reporters.JUnitReportReporter -->
<testsuite hostname="DESKTOP-U3NOTER" failures="0" tests="4" name="api.test.UserTests" time="11.928" errors="0" timestamp="2024-11-02T20:23:02 IST" skipped="0">
  <testcase classname="api.test.UserTests" name="testPOSTUser" time="7.034"/>
  <testcase classname="api.test.UserTests" name="testGetUserByName" time="1.280"/>
  <testcase classname="api.test.UserTests" name="testUpdateUserByName" time="2.437"/>
  <testcase classname="api.test.UserTests" name="testDeleteUserByName" time="1.177"/>
</testsuite> <!-- api.test.UserTests -->
