<?xml version="1.0" encoding="UTF-8"?>
<!-- Generated by org.testng.reporters.JUnitReportReporter -->
<testsuite hostname="DESKTOP-U3NOTER" failures="0" tests="4" name="api.test.UserTests2forPropertiesFile" time="5.994" errors="0" timestamp="2024-11-02T20:23:02 IST" skipped="0">
  <testcase classname="api.test.UserTests2forPropertiesFile" name="testPOSTUser" time="1.207"/>
  <testcase classname="api.test.UserTests2forPropertiesFile" name="testGetUserByName" time="1.176"/>
  <testcase classname="api.test.UserTests2forPropertiesFile" name="testUpdateUserByName" time="2.427"/>
  <testcase classname="api.test.UserTests2forPropertiesFile" name="testDeleteUserByName" time="1.184"/>
</testsuite> <!-- api.test.UserTests2forPropertiesFile -->
